<?xml version="1.0" encoding="UTF-8"?>
<!-- Generated by org.testng.reporters.JUnitReportReporter -->
<testsuite skipped="0" hostname="DESKTOP-SG444IT" name="com.sessiontestng.RegressionTesting" tests="2" failures="0" timestamp="2020-09-21T12:37:43 IST" time="0.002" errors="0">
  <testcase name="retesting" time="0.001" classname="com.sessiontestng.RegressionTesting"/>
  <system-out/>
  <testcase name="regression" time="0.001" classname="com.sessiontestng.RegressionTesting"/>
  <system-out/>
</testsuite> <!-- com.sessiontestng.RegressionTesting -->
