<?xml version="1.0" encoding="UTF-8"?>
<!-- Generated by org.testng.reporters.JUnitReportReporter -->
<testsuite skipped="0" hostname="DESKTOP-SG444IT" name="com.testng.Firstpackage.SecondclassSecondpackage" tests="1" failures="0" timestamp="2020-09-21T12:37:43 IST" time="0.011" errors="0">
  <testcase name="Secondclass" time="0.011" classname="com.testng.Firstpackage.SecondclassSecondpackage"/>
  <system-out/>
</testsuite> <!-- com.testng.Firstpackage.SecondclassSecondpackage -->
