<?xml version="1.0" encoding="UTF-8"?>
<!-- Generated by org.testng.reporters.JUnitReportReporter -->
<testsuite skipped="1" hostname="DESKTOP-SG444IT" name="com.testng.Firstpackage.EnableDisableTests" tests="3" failures="0" timestamp="2020-09-21T12:37:43 IST" time="0.002" errors="0">
  <testcase name="firstTest" time="0.001" classname="com.testng.Firstpackage.EnableDisableTests"/>
  <system-out/>
  <testcase name="ThirdTest" time="0.001" classname="com.testng.Firstpackage.EnableDisableTests"/>
  <system-out/>
  <testcase name="secondTest" classname="com.testng.Firstpackage.EnableDisableTests">
    <skipped/>
  </testcase> <!-- secondTest -->
  <system-out/>
</testsuite> <!-- com.testng.Firstpackage.EnableDisableTests -->
