<?xml version="1.0" encoding="UTF-8"?>
<!-- Generated by org.testng.reporters.JUnitReportReporter -->
<testsuite skipped="0" hostname="DESKTOP-SG444IT" name="com.sessiontestng.SmokeTesting" tests="2" failures="0" timestamp="2020-09-21T12:37:43 IST" time="0.002" errors="0">
  <testcase name="smoke" time="0.001" classname="com.sessiontestng.SmokeTesting"/>
  <system-out/>
  <testcase name="sanity" time="0.001" classname="com.sessiontestng.SmokeTesting"/>
  <system-out/>
</testsuite> <!-- com.sessiontestng.SmokeTesting -->
