<?xml version="1.0" encoding="UTF-8"?>
<!-- Generated by org.testng.reporters.JUnitReportReporter -->
<testsuite skipped="0" hostname="DESKTOP-SG444IT" name="com.testng.Firstpackage.FirstclassFirstpackage" tests="1" failures="0" timestamp="2020-09-21T12:37:43 IST" time="0.001" errors="0">
  <testcase name="firstclass" time="0.001" classname="com.testng.Firstpackage.FirstclassFirstpackage"/>
  <system-out/>
</testsuite> <!-- com.testng.Firstpackage.FirstclassFirstpackage -->
